2023/10/11 12:17:43 Starting gRPC server on localhost:55555...
2023/10/11 12:18:10 Login request from alice_johnson: 44rSFJQ9qtHWTBAvrsKd5K/p2j0=
2023/10/11 12:18:10 alice_johnson was just logged in
2023/10/11 12:18:10 User alice_johnson request to join the chat room!
2023/10/11 12:18:10 User alice_johnson is allowed to join the chat room!
2023/10/11 12:18:12 Login request from bob_greenwood: /VMVjx9V2g2tzyDvc0KEb7WwK+Y=
2023/10/11 12:18:12 bob_greenwood was just logged in
2023/10/11 12:18:12 User bob_greenwood request to join the chat room!
2023/10/11 12:18:12 User bob_greenwood is allowed to join the chat room!
2023/10/11 12:18:12 alice_johnson requested connected users list
2023/10/11 12:18:13 bob_greenwood requested connected users list
2023/10/11 12:18:13 alice_johnson requested connected users list
2023/10/11 12:18:15 bob_greenwood requested connected users list
2023/10/11 12:18:15 alice_johnson requested connected users list
2023/10/11 12:18:16 bob_greenwood requested connected users list
2023/10/11 12:18:16 alice_johnson requested connected users list
2023/10/11 12:18:18 bob_greenwood requested connected users list
2023/10/11 12:18:18 alice_johnson requested connected users list
2023/10/11 12:18:19 bob_greenwood requested connected users list
2023/10/11 12:18:19 alice_johnson requested connected users list
2023/10/11 12:18:21 bob_greenwood requested connected users list
2023/10/11 12:18:21 alice_johnson requested connected users list
2023/10/11 12:18:22 bob_greenwood requested connected users list
2023/10/11 12:18:22 alice_johnson requested connected users list
2023/10/11 12:18:24 bob_greenwood requested connected users list
2023/10/11 12:18:24 alice_johnson requested connected users list
2023/10/11 12:18:25 bob_greenwood requested connected users list
2023/10/11 12:18:25 alice_johnson requested connected users list
2023/10/11 12:18:27 bob_greenwood requested connected users list
2023/10/11 12:18:27 alice_johnson requested connected users list
2023/10/11 12:18:28 bob_greenwood requested connected users list
2023/10/11 12:18:28 alice_johnson requested connected users list
2023/10/11 12:18:29 Room chat request from alice_johnson: hi bob
2023/10/11 12:18:30 bob_greenwood requested connected users list
2023/10/11 12:18:30 alice_johnson requested connected users list
