2023/10/11 14:03:54 Starting gRPC server on localhost:55555...
2023/10/11 14:04:06 Login request from alice_johnson: 44rSFJQ9qtHWTBAvrsKd5K/p2j0=
2023/10/11 14:04:06 alice_johnson was just logged in
2023/10/11 14:04:06 User alice_johnson request to join the chat room!
2023/10/11 14:04:06 User alice_johnson is allowed to join the chat room!
2023/10/11 14:04:07 alice_johnson requested connected users list
2023/10/11 14:04:09 alice_johnson requested connected users list
2023/10/11 14:04:10 alice_johnson requested connected users list
2023/10/11 14:04:12 alice_johnson requested connected users list
2023/10/11 14:04:13 alice_johnson requested connected users list
2023/10/11 14:04:15 alice_johnson requested connected users list
2023/10/11 14:04:16 alice_johnson requested connected users list
2023/10/11 14:04:16 Login request from bob_greenwood: /VMVjx9V2g2tzyDvc0KEb7WwK+Y=
2023/10/11 14:04:16 bob_greenwood was just logged in
2023/10/11 14:04:16 User bob_greenwood request to join the chat room!
2023/10/11 14:04:16 User bob_greenwood is allowed to join the chat room!
2023/10/11 14:04:18 alice_johnson requested connected users list
2023/10/11 14:04:18 bob_greenwood requested connected users list
2023/10/11 14:04:19 alice_johnson requested connected users list
2023/10/11 14:04:19 bob_greenwood requested connected users list
2023/10/11 14:04:20 Client disconnected: alice_johnson!
2023/10/11 14:04:21 bob_greenwood requested connected users list
2023/10/11 14:04:21 Client disconnected: bob_greenwood!
