2023/10/11 12:07:51 Starting gRPC server on localhost:55555...
2023/10/11 12:08:02 Login request from alice_johnson: 44rSFJQ9qtHWTBAvrsKd5K/p2j0=
2023/10/11 12:08:02 alice_johnson was just logged in
2023/10/11 12:08:02 User alice_johnson request to join the chat room!
2023/10/11 12:08:02 User alice_johnson is allowed to join the chat room!
2023/10/11 12:08:04 alice_johnson requested connected users list
2023/10/11 12:08:05 alice_johnson requested connected users list
2023/10/11 12:08:07 alice_johnson requested connected users list
2023/10/11 12:08:08 alice_johnson requested connected users list
2023/10/11 12:08:10 alice_johnson requested connected users list
2023/10/11 12:08:10 Login request from bob_greenwood: /VMVjx9V2g2tzyDvc0KEb7WwK+Y=
2023/10/11 12:08:10 bob_greenwood was just logged in
2023/10/11 12:08:10 User bob_greenwood request to join the chat room!
2023/10/11 12:08:10 User bob_greenwood is allowed to join the chat room!
2023/10/11 12:08:11 alice_johnson requested connected users list
2023/10/11 12:08:12 bob_greenwood requested connected users list
2023/10/11 12:08:13 alice_johnson requested connected users list
2023/10/11 12:08:13 bob_greenwood requested connected users list
2023/10/11 12:08:14 alice_johnson requested connected users list
2023/10/11 12:08:15 bob_greenwood requested connected users list
2023/10/11 12:08:15 Room chat request from alice_johnson: hello bob
2023/10/11 12:08:16 alice_johnson requested connected users list
2023/10/11 12:08:16 bob_greenwood requested connected users list
2023/10/11 12:08:17 alice_johnson requested connected users list
2023/10/11 12:08:18 bob_greenwood requested connected users list
2023/10/11 12:08:19 alice_johnson requested connected users list
2023/10/11 12:08:19 bob_greenwood requested connected users list
2023/10/11 12:08:20 alice_johnson requested connected users list
2023/10/11 12:08:21 bob_greenwood requested connected users list
2023/10/11 12:08:21 Room chat request from bob_greenwood: hello alice
2023/10/11 12:08:22 alice_johnson requested connected users list
2023/10/11 12:08:22 bob_greenwood requested connected users list
2023/10/11 12:08:23 alice_johnson requested connected users list
2023/10/11 12:08:23 User bob_greenwood just liked Message of alice_johnson
2023/10/11 12:08:24 bob_greenwood requested connected users list
2023/10/11 12:08:25 alice_johnson requested connected users list
2023/10/11 12:08:25 bob_greenwood requested connected users list
2023/10/11 12:08:26 alice_johnson requested connected users list
2023/10/11 12:08:27 bob_greenwood requested connected users list
2023/10/11 12:08:27 User bob_greenwood just liked Message of alice_johnson
2023/10/11 12:08:28 alice_johnson requested connected users list
2023/10/11 12:08:28 bob_greenwood requested connected users list
2023/10/11 12:08:28 User bob_greenwood just liked Message of alice_johnson
2023/10/11 12:08:29 alice_johnson requested connected users list
2023/10/11 12:08:30 bob_greenwood requested connected users list
2023/10/11 12:08:31 alice_johnson requested connected users list
2023/10/11 12:08:31 bob_greenwood requested connected users list
2023/10/11 12:08:31 User bob_greenwood just liked Message of alice_johnson
2023/10/11 12:08:32 alice_johnson requested connected users list
2023/10/11 12:08:33 bob_greenwood requested connected users list
2023/10/11 12:08:34 alice_johnson requested connected users list
2023/10/11 12:08:34 bob_greenwood requested connected users list
2023/10/11 12:08:35 alice_johnson requested connected users list
2023/10/11 12:08:35 Client disconnected: alice_johnson!
2023/10/11 12:08:36 bob_greenwood requested connected users list
2023/10/11 12:08:37 Client disconnected: bob_greenwood!
