2023/10/11 13:36:18 Starting gRPC server on localhost:55555...
2023/10/11 13:36:32 Login request from alice_greenwood: W6ph5Mm5Pz8GgiULbPgzG37mj9g=
2023/10/11 13:36:44 Login request from alice_johnson: v19RryPxs0CW/QEWGtkWSd2Y6oA=
2023/10/11 13:36:44 alice_johnson login successfully!!!!
2023/10/11 13:36:44 User alice_johnson request to join the chat room!
2023/10/11 13:36:44 User alice_johnson is allowed to join the chat room!
2023/10/11 13:36:46 alice_johnson requested connected users list
2023/10/11 13:36:47 alice_johnson requested connected users list
2023/10/11 13:36:49 alice_johnson requested connected users list
2023/10/11 13:36:50 alice_johnson requested connected users list
2023/10/11 13:36:52 alice_johnson requested connected users list
2023/10/11 13:36:53 alice_johnson requested connected users list
2023/10/11 13:36:55 alice_johnson requested connected users list
2023/10/11 13:36:56 alice_johnson requested connected users list
2023/10/11 13:36:58 alice_johnson requested connected users list
2023/10/11 13:36:58 Login request from bob_greenwood: +UCdaCVFWWf1U3K9nw0nrucrUko=
2023/10/11 13:36:58 bob_greenwood login successfully!!!!
2023/10/11 13:36:58 User bob_greenwood request to join the chat room!
2023/10/11 13:36:58 User bob_greenwood is allowed to join the chat room!
2023/10/11 13:36:59 alice_johnson requested connected users list
2023/10/11 13:37:00 bob_greenwood requested connected users list
2023/10/11 13:37:01 alice_johnson requested connected users list
2023/10/11 13:37:01 bob_greenwood requested connected users list
2023/10/11 13:37:02 alice_johnson requested connected users list
2023/10/11 13:37:03 bob_greenwood requested connected users list
2023/10/11 13:37:04 alice_johnson requested connected users list
2023/10/11 13:37:04 bob_greenwood requested connected users list
2023/10/11 13:37:05 alice_johnson requested connected users list
2023/10/11 13:37:06 bob_greenwood requested connected users list
2023/10/11 13:37:07 alice_johnson requested connected users list
2023/10/11 13:37:07 bob_greenwood requested connected users list
2023/10/11 13:37:08 alice_johnson requested connected users list
2023/10/11 13:37:09 bob_greenwood requested connected users list
2023/10/11 13:37:10 alice_johnson requested connected users list
2023/10/11 13:37:10 bob_greenwood requested connected users list
2023/10/11 13:37:11 alice_johnson requested connected users list
2023/10/11 13:37:12 Room chat request from alice_johnson: hello
2023/10/11 13:37:12 bob_greenwood requested connected users list
2023/10/11 13:37:13 alice_johnson requested connected users list
2023/10/11 13:37:13 bob_greenwood requested connected users list
2023/10/11 13:37:14 alice_johnson requested connected users list
2023/10/11 13:37:15 bob_greenwood requested connected users list
2023/10/11 13:37:16 alice_johnson requested connected users list
2023/10/11 13:37:16 bob_greenwood requested connected users list
2023/10/11 13:37:17 alice_johnson requested connected users list
2023/10/11 13:37:18 bob_greenwood requested connected users list
2023/10/11 13:37:19 alice_johnson requested connected users list
2023/10/11 13:37:19 bob_greenwood requested connected users list
2023/10/11 13:37:20 alice_johnson requested connected users list
2023/10/11 13:37:21 bob_greenwood requested connected users list
2023/10/11 13:37:22 alice_johnson requested connected users list
2023/10/11 13:37:22 bob_greenwood requested connected users list
2023/10/11 13:37:23 alice_johnson requested connected users list
2023/10/11 13:37:24 bob_greenwood requested connected users list
2023/10/11 13:37:25 alice_johnson requested connected users list
2023/10/11 13:37:25 bob_greenwood requested connected users list
2023/10/11 13:37:26 alice_johnson requested connected users list
2023/10/11 13:37:27 bob_greenwood requested connected users list
2023/10/11 13:37:28 alice_johnson requested connected users list
2023/10/11 13:37:28 bob_greenwood requested connected users list
2023/10/11 13:37:29 alice_johnson requested connected users list
2023/10/11 13:37:30 bob_greenwood requested connected users list
2023/10/11 13:37:31 alice_johnson requested connected users list
2023/10/11 13:37:31 bob_greenwood requested connected users list
2023/10/11 13:37:32 alice_johnson requested connected users list
2023/10/11 13:37:33 bob_greenwood requested connected users list
2023/10/11 13:37:34 alice_johnson requested connected users list
2023/10/11 13:37:34 bob_greenwood requested connected users list
2023/10/11 13:37:35 alice_johnson requested connected users list
2023/10/11 13:37:36 bob_greenwood requested connected users list
2023/10/11 13:37:37 alice_johnson requested connected users list
2023/10/11 13:37:37 bob_greenwood requested connected users list
2023/10/11 13:37:38 alice_johnson requested connected users list
2023/10/11 13:37:39 bob_greenwood requested connected users list
2023/10/11 13:37:40 alice_johnson requested connected users list
2023/10/11 13:37:40 bob_greenwood requested connected users list
2023/10/11 13:37:41 alice_johnson requested connected users list
2023/10/11 13:37:42 bob_greenwood requested connected users list
2023/10/11 13:37:43 alice_johnson requested connected users list
2023/10/11 13:37:43 bob_greenwood requested connected users list
2023/10/11 13:37:44 alice_johnson requested connected users list
2023/10/11 13:37:45 bob_greenwood requested connected users list
2023/10/11 13:37:46 alice_johnson requested connected users list
2023/10/11 13:37:46 bob_greenwood requested connected users list
2023/10/11 13:37:47 alice_johnson requested connected users list
2023/10/11 13:37:48 bob_greenwood requested connected users list
2023/10/11 13:37:49 alice_johnson requested connected users list
2023/10/11 13:37:49 bob_greenwood requested connected users list
2023/10/11 13:37:50 alice_johnson requested connected users list
2023/10/11 13:37:51 bob_greenwood requested connected users list
2023/10/11 13:37:52 alice_johnson requested connected users list
2023/10/11 13:37:52 bob_greenwood requested connected users list
2023/10/11 13:37:53 alice_johnson requested connected users list
2023/10/11 13:37:54 bob_greenwood requested connected users list
2023/10/11 13:37:55 alice_johnson requested connected users list
2023/10/11 13:37:55 Client disconnected: alice_johnson!
2023/10/11 13:37:55 bob_greenwood requested connected users list
2023/10/11 13:37:56 Client disconnected: bob_greenwood!
2023/10/11 13:59:40 Login request from alice_johnson: lw3COBnQ/GI3GndM0m1kfk9NWfU=
2023/10/11 13:59:40 Failed to login as alice_johnson: Wrong password!
2023/10/11 13:59:51 Login request from alice_johnson: k6tEQCFK9NpgZIy/NAc1pVgYg6E=
2023/10/11 13:59:51 alice_johnson login successfully!!!!
2023/10/11 13:59:51 User alice_johnson request to join the chat room!
2023/10/11 13:59:51 User alice_johnson is allowed to join the chat room!
2023/10/11 13:59:52 alice_johnson requested connected users list
2023/10/11 13:59:53 alice_johnson requested connected users list
2023/10/11 13:59:53 alice_johnson requested connected users list
2023/10/11 13:59:54 alice_johnson requested connected users list
2023/10/11 13:59:55 alice_johnson requested connected users list
2023/10/11 13:59:56 alice_johnson requested connected users list
2023/10/11 13:59:56 alice_johnson requested connected users list
2023/10/11 13:59:57 alice_johnson requested connected users list
2023/10/11 13:59:58 alice_johnson requested connected users list
2023/10/11 13:59:59 alice_johnson requested connected users list
2023/10/11 13:59:59 alice_johnson requested connected users list
2023/10/11 14:00:00 Login request from bob_greenwood: S0KqtVuE0D4yJRUbqDEVRPdqVok=
2023/10/11 14:00:00 bob_greenwood login successfully!!!!
2023/10/11 14:00:00 User bob_greenwood request to join the chat room!
2023/10/11 14:00:00 User bob_greenwood is allowed to join the chat room!
2023/10/11 14:00:00 alice_johnson requested connected users list
2023/10/11 14:00:01 alice_johnson requested connected users list
2023/10/11 14:00:01 bob_greenwood requested connected users list
2023/10/11 14:00:01 bob_greenwood requested connected users list
2023/10/11 14:00:02 alice_johnson requested connected users list
2023/10/11 14:00:02 alice_johnson requested connected users list
2023/10/11 14:00:03 bob_greenwood requested connected users list
2023/10/11 14:00:03 bob_greenwood requested connected users list
2023/10/11 14:00:03 alice_johnson requested connected users list
2023/10/11 14:00:04 alice_johnson requested connected users list
2023/10/11 14:00:04 bob_greenwood requested connected users list
2023/10/11 14:00:04 bob_greenwood requested connected users list
2023/10/11 14:00:05 alice_johnson requested connected users list
2023/10/11 14:00:05 alice_johnson requested connected users list
2023/10/11 14:00:06 bob_greenwood requested connected users list
2023/10/11 14:00:06 bob_greenwood requested connected users list
2023/10/11 14:00:06 alice_johnson requested connected users list
2023/10/11 14:00:07 alice_johnson requested connected users list
2023/10/11 14:00:07 bob_greenwood requested connected users list
2023/10/11 14:00:07 bob_greenwood requested connected users list
2023/10/11 14:00:08 alice_johnson requested connected users list
2023/10/11 14:00:08 alice_johnson requested connected users list
2023/10/11 14:00:09 bob_greenwood requested connected users list
2023/10/11 14:00:09 bob_greenwood requested connected users list
2023/10/11 14:00:09 alice_johnson requested connected users list
2023/10/11 14:00:10 alice_johnson requested connected users list
2023/10/11 14:00:10 bob_greenwood requested connected users list
2023/10/11 14:00:10 bob_greenwood requested connected users list
2023/10/11 14:00:11 alice_johnson requested connected users list
2023/10/11 14:00:11 alice_johnson requested connected users list
2023/10/11 14:00:12 bob_greenwood requested connected users list
2023/10/11 14:00:12 bob_greenwood requested connected users list
2023/10/11 14:00:12 alice_johnson requested connected users list
2023/10/11 14:00:13 alice_johnson requested connected users list
2023/10/11 14:00:13 bob_greenwood requested connected users list
2023/10/11 14:00:13 bob_greenwood requested connected users list
2023/10/11 14:00:14 alice_johnson requested connected users list
2023/10/11 14:00:14 alice_johnson requested connected users list
2023/10/11 14:00:15 bob_greenwood requested connected users list
2023/10/11 14:00:15 bob_greenwood requested connected users list
2023/10/11 14:00:15 alice_johnson requested connected users list
2023/10/11 14:00:16 alice_johnson requested connected users list
2023/10/11 14:00:16 bob_greenwood requested connected users list
2023/10/11 14:00:16 bob_greenwood requested connected users list
2023/10/11 14:00:17 Client disconnected: alice_johnson!
2023/10/11 14:00:18 bob_greenwood requested connected users list
2023/10/11 14:00:18 bob_greenwood requested connected users list
2023/10/11 14:00:18 Client disconnected: bob_greenwood!
2023/10/11 14:00:35 Login request from alice_johnson: Nvvj2HcVLDbn/juW0rmgcBzD2+U=
2023/10/11 14:00:35 alice_johnson login successfully!!!!
2023/10/11 14:00:35 User alice_johnson request to join the chat room!
2023/10/11 14:00:35 User alice_johnson is allowed to join the chat room!
2023/10/11 14:00:36 alice_johnson requested connected users list
2023/10/11 14:00:38 alice_johnson requested connected users list
2023/10/11 14:00:39 alice_johnson requested connected users list
2023/10/11 14:00:41 alice_johnson requested connected users list
2023/10/11 14:00:42 alice_johnson requested connected users list
2023/10/11 14:00:43 Login request from bob_greenwood: RY8QmEbCALdG3wHbrW4Ls3Et1gA=
2023/10/11 14:00:43 bob_greenwood login successfully!!!!
2023/10/11 14:00:43 User bob_greenwood request to join the chat room!
2023/10/11 14:00:43 User bob_greenwood is allowed to join the chat room!
2023/10/11 14:00:44 alice_johnson requested connected users list
2023/10/11 14:00:45 bob_greenwood requested connected users list
2023/10/11 14:00:45 alice_johnson requested connected users list
2023/10/11 14:00:46 bob_greenwood requested connected users list
2023/10/11 14:00:47 alice_johnson requested connected users list
2023/10/11 14:00:48 bob_greenwood requested connected users list
2023/10/11 14:00:48 alice_johnson requested connected users list
2023/10/11 14:00:49 bob_greenwood requested connected users list
2023/10/11 14:00:50 alice_johnson requested connected users list
2023/10/11 14:00:51 bob_greenwood requested connected users list
2023/10/11 14:00:51 alice_johnson requested connected users list
2023/10/11 14:00:51 Client disconnected: alice_johnson!
2023/10/11 14:00:52 bob_greenwood requested connected users list
2023/10/11 14:00:54 bob_greenwood requested connected users list
2023/10/11 14:00:54 Client disconnected: bob_greenwood!
2023/10/11 14:02:17 Login request from alice_johnson: 6d8Ic580uixqZGRrxVEZn0LDzfw=
2023/10/11 14:02:17 alice_johnson login successfully!!!!
2023/10/11 14:02:17 User alice_johnson request to join the chat room!
2023/10/11 14:02:17 User alice_johnson is allowed to join the chat room!
2023/10/11 14:02:18 alice_johnson requested connected users list
2023/10/11 14:02:20 alice_johnson requested connected users list
2023/10/11 14:02:21 alice_johnson requested connected users list
2023/10/11 14:02:23 alice_johnson requested connected users list
2023/10/11 14:02:23 Client disconnected: alice_johnson!
