2023/10/11 14:07:22 Starting gRPC server on localhost:55555...
2023/10/11 14:07:33 Login request from alice_johnson: 44rSFJQ9qtHWTBAvrsKd5K/p2j0=
2023/10/11 14:07:33 User alice_johnson has logged in successfully!
2023/10/11 14:07:33 User alice_johnson request to join the chat room!
2023/10/11 14:07:33 User alice_johnson is allowed to join the chat room!
2023/10/11 14:07:34 alice_johnson requested connected users list
2023/10/11 14:07:36 alice_johnson requested connected users list
2023/10/11 14:07:37 alice_johnson requested connected users list
2023/10/11 14:07:39 alice_johnson requested connected users list
2023/10/11 14:07:40 alice_johnson requested connected users list
2023/10/11 14:07:42 alice_johnson requested connected users list
2023/10/11 14:07:43 alice_johnson requested connected users list
2023/10/11 14:07:45 alice_johnson requested connected users list
2023/10/11 14:07:46 alice_johnson requested connected users list
2023/10/11 14:07:48 alice_johnson requested connected users list
2023/10/11 14:07:48 Login request from bob_greenwood: /VMVjx9V2g2tzyDvc0KEb7WwK+Y=
2023/10/11 14:07:48 User bob_greenwood has logged in successfully!
2023/10/11 14:07:48 User bob_greenwood request to join the chat room!
2023/10/11 14:07:48 User bob_greenwood is allowed to join the chat room!
2023/10/11 14:07:49 alice_johnson requested connected users list
2023/10/11 14:07:50 bob_greenwood requested connected users list
2023/10/11 14:07:51 alice_johnson requested connected users list
2023/10/11 14:07:51 bob_greenwood requested connected users list
2023/10/11 14:07:52 alice_johnson requested connected users list
2023/10/11 14:07:53 bob_greenwood requested connected users list
2023/10/11 14:07:54 alice_johnson requested connected users list
2023/10/11 14:07:54 bob_greenwood requested connected users list
2023/10/11 14:07:55 alice_johnson requested connected users list
2023/10/11 14:07:56 bob_greenwood requested connected users list
2023/10/11 14:07:57 alice_johnson requested connected users list
2023/10/11 14:07:57 bob_greenwood requested connected users list
2023/10/11 14:07:58 alice_johnson requested connected users list
2023/10/11 14:07:59 bob_greenwood requested connected users list
2023/10/11 14:08:00 alice_johnson requested connected users list
2023/10/11 14:08:00 bob_greenwood requested connected users list
2023/10/11 14:08:01 alice_johnson requested connected users list
2023/10/11 14:08:02 bob_greenwood requested connected users list
2023/10/11 14:08:03 alice_johnson requested connected users list
2023/10/11 14:08:03 bob_greenwood requested connected users list
2023/10/11 14:08:04 alice_johnson requested connected users list
2023/10/11 14:08:05 bob_greenwood requested connected users list
2023/10/11 14:08:06 alice_johnson requested connected users list
2023/10/11 14:08:06 bob_greenwood requested connected users list
2023/10/11 14:08:07 alice_johnson requested connected users list
2023/10/11 14:08:08 bob_greenwood requested connected users list
2023/10/11 14:08:09 alice_johnson requested connected users list
2023/10/11 14:08:09 bob_greenwood requested connected users list
2023/10/11 14:08:10 alice_johnson requested connected users list
2023/10/11 14:08:11 bob_greenwood requested connected users list
2023/10/11 14:08:12 alice_johnson requested connected users list
2023/10/11 14:08:12 bob_greenwood requested connected users list
2023/10/11 14:08:13 alice_johnson requested connected users list
2023/10/11 14:08:14 bob_greenwood requested connected users list
2023/10/11 14:08:15 alice_johnson requested connected users list
2023/10/11 14:08:15 bob_greenwood requested connected users list
2023/10/11 14:08:16 alice_johnson requested connected users list
2023/10/11 14:08:17 bob_greenwood requested connected users list
2023/10/11 14:08:18 alice_johnson requested connected users list
2023/10/11 14:08:18 bob_greenwood requested connected users list
2023/10/11 14:08:19 alice_johnson requested connected users list
2023/10/11 14:08:20 bob_greenwood requested connected users list
2023/10/11 14:08:21 alice_johnson requested connected users list
2023/10/11 14:08:21 bob_greenwood requested connected users list
2023/10/11 14:08:22 alice_johnson requested connected users list
2023/10/11 14:08:23 bob_greenwood requested connected users list
2023/10/11 14:08:24 alice_johnson requested connected users list
2023/10/11 14:08:24 bob_greenwood requested connected users list
2023/10/11 14:08:25 alice_johnson requested connected users list
2023/10/11 14:08:26 bob_greenwood requested connected users list
2023/10/11 14:08:27 alice_johnson requested connected users list
2023/10/11 14:08:27 bob_greenwood requested connected users list
2023/10/11 14:08:28 alice_johnson requested connected users list
2023/10/11 14:08:29 bob_greenwood requested connected users list
2023/10/11 14:08:29 Client disconnected: alice_johnson!
2023/10/11 14:08:30 Client disconnected: bob_greenwood!
