2023/10/11 13:22:57 Starting gRPC server on localhost:55555...
2023/10/11 13:23:06 Login request from alice_johnson: 44rSFJQ9qtHWTBAvrsKd5K/p2j0=
2023/10/11 13:23:06 alice_johnson was just logged in
2023/10/11 13:23:06 User alice_johnson request to join the chat room!
2023/10/11 13:23:06 User alice_johnson is allowed to join the chat room!
2023/10/11 13:23:08 alice_johnson requested connected users list
2023/10/11 13:23:09 alice_johnson requested connected users list
2023/10/11 13:23:11 alice_johnson requested connected users list
2023/10/11 13:23:12 alice_johnson requested connected users list
2023/10/11 13:23:14 alice_johnson requested connected users list
2023/10/11 13:23:15 Login request from bob_greenwood: uQ+Ixmlp67u1RK2VLGmmYk8mrEM=
2023/10/11 13:23:15 Failed to login as bob_greenwood: Wrong password!
2023/10/11 13:23:15 alice_johnson requested connected users list
2023/10/11 13:23:17 alice_johnson requested connected users list
2023/10/11 13:23:18 alice_johnson requested connected users list
2023/10/11 13:23:20 alice_johnson requested connected users list
2023/10/11 13:23:21 alice_johnson requested connected users list
2023/10/11 13:23:23 alice_johnson requested connected users list
2023/10/11 13:23:24 alice_johnson requested connected users list
2023/10/11 13:23:25 Login request from bob_greenwood: UicRKn5/oQXXtgpVolmwQ3mw4xk=
2023/10/11 13:23:25 bob_greenwood was just logged in
2023/10/11 13:23:25 User bob_greenwood request to join the chat room!
2023/10/11 13:23:25 User bob_greenwood is allowed to join the chat room!
2023/10/11 13:23:26 alice_johnson requested connected users list
2023/10/11 13:23:26 bob_greenwood requested connected users list
2023/10/11 13:23:27 alice_johnson requested connected users list
2023/10/11 13:23:28 bob_greenwood requested connected users list
2023/10/11 13:23:29 alice_johnson requested connected users list
2023/10/11 13:23:29 bob_greenwood requested connected users list
2023/10/11 13:23:30 Room chat request from alice_johnson: hello bob
2023/10/11 13:23:30 alice_johnson requested connected users list
2023/10/11 13:23:31 bob_greenwood requested connected users list
2023/10/11 13:23:32 alice_johnson requested connected users list
2023/10/11 13:23:32 bob_greenwood requested connected users list
2023/10/11 13:23:33 alice_johnson requested connected users list
2023/10/11 13:23:34 bob_greenwood requested connected users list
2023/10/11 13:23:34 Room chat request from bob_greenwood: hello alice
2023/10/11 13:23:35 alice_johnson requested connected users list
2023/10/11 13:23:35 bob_greenwood requested connected users list
2023/10/11 13:23:36 alice_johnson requested connected users list
2023/10/11 13:23:37 bob_greenwood requested connected users list
2023/10/11 13:23:38 alice_johnson requested connected users list
2023/10/11 13:23:38 bob_greenwood requested connected users list
2023/10/11 13:23:39 alice_johnson requested connected users list
2023/10/11 13:23:39 Room chat request from bob_greenwood: can I spam? 
2023/10/11 13:23:39 User bob_greenwood has not enough likes to send new message to the room!
2023/10/11 13:23:40 bob_greenwood requested connected users list
2023/10/11 13:23:41 alice_johnson requested connected users list
2023/10/11 13:23:41 bob_greenwood requested connected users list
2023/10/11 13:23:42 alice_johnson requested connected users list
2023/10/11 13:23:43 bob_greenwood requested connected users list
2023/10/11 13:23:44 alice_johnson requested connected users list
2023/10/11 13:23:44 bob_greenwood requested connected users list
2023/10/11 13:23:45 alice_johnson requested connected users list
2023/10/11 13:23:45 Room chat request from alice_johnson: mee toooo
2023/10/11 13:23:45 User alice_johnson has not enough likes to send new message to the room!
2023/10/11 13:23:46 bob_greenwood requested connected users list
2023/10/11 13:23:47 alice_johnson requested connected users list
2023/10/11 13:23:47 bob_greenwood requested connected users list
2023/10/11 13:23:48 alice_johnson requested connected users list
2023/10/11 13:23:49 bob_greenwood requested connected users list
2023/10/11 13:23:50 alice_johnson requested connected users list
2023/10/11 13:23:50 bob_greenwood requested connected users list
2023/10/11 13:23:50 User alice_johnson just liked Message of bob_greenwood
2023/10/11 13:23:51 alice_johnson requested connected users list
2023/10/11 13:23:52 bob_greenwood requested connected users list
2023/10/11 13:23:53 alice_johnson requested connected users list
2023/10/11 13:23:53 bob_greenwood requested connected users list
2023/10/11 13:23:54 alice_johnson requested connected users list
2023/10/11 13:23:55 bob_greenwood requested connected users list
2023/10/11 13:23:55 User bob_greenwood just liked Message of alice_johnson
2023/10/11 13:23:56 User bob_greenwood already liked message of alice_johnson and cannot like again
2023/10/11 13:23:56 alice_johnson requested connected users list
2023/10/11 13:23:56 bob_greenwood requested connected users list
2023/10/11 13:23:57 User bob_greenwood already liked message of alice_johnson and cannot like again
2023/10/11 13:23:57 alice_johnson requested connected users list
2023/10/11 13:23:58 bob_greenwood requested connected users list
2023/10/11 13:23:58 User bob_greenwood already liked message of alice_johnson and cannot like again
2023/10/11 13:23:59 alice_johnson requested connected users list
2023/10/11 13:23:59 User bob_greenwood already liked message of alice_johnson and cannot like again
2023/10/11 13:23:59 bob_greenwood requested connected users list
2023/10/11 13:24:00 alice_johnson requested connected users list
2023/10/11 13:24:01 bob_greenwood requested connected users list
2023/10/11 13:24:02 alice_johnson requested connected users list
2023/10/11 13:24:02 bob_greenwood requested connected users list
2023/10/11 13:24:03 User bob_greenwood already liked message of alice_johnson and cannot like again
2023/10/11 13:24:03 alice_johnson requested connected users list
2023/10/11 13:24:04 bob_greenwood requested connected users list
2023/10/11 13:24:05 alice_johnson requested connected users list
2023/10/11 13:24:05 bob_greenwood requested connected users list
2023/10/11 13:24:05 User bob_greenwood already liked message of alice_johnson and cannot like again
2023/10/11 13:24:06 User bob_greenwood already liked message of alice_johnson and cannot like again
2023/10/11 13:24:06 alice_johnson requested connected users list
2023/10/11 13:24:07 bob_greenwood requested connected users list
2023/10/11 13:24:07 User bob_greenwood already liked message of alice_johnson and cannot like again
2023/10/11 13:24:08 alice_johnson requested connected users list
2023/10/11 13:24:08 bob_greenwood requested connected users list
2023/10/11 13:24:09 alice_johnson requested connected users list
2023/10/11 13:24:10 bob_greenwood requested connected users list
2023/10/11 13:24:11 alice_johnson requested connected users list
2023/10/11 13:24:11 bob_greenwood requested connected users list
2023/10/11 13:24:12 alice_johnson requested connected users list
2023/10/11 13:24:13 bob_greenwood requested connected users list
2023/10/11 13:24:13 User bob_greenwood already liked message of alice_johnson and cannot like again
2023/10/11 13:24:14 alice_johnson requested connected users list
2023/10/11 13:24:14 bob_greenwood requested connected users list
2023/10/11 13:24:15 alice_johnson requested connected users list
2023/10/11 13:24:16 bob_greenwood requested connected users list
2023/10/11 13:24:17 User alice_johnson already liked message of bob_greenwood and cannot like again
2023/10/11 13:24:17 alice_johnson requested connected users list
2023/10/11 13:24:17 bob_greenwood requested connected users list
2023/10/11 13:24:18 alice_johnson requested connected users list
2023/10/11 13:24:19 bob_greenwood requested connected users list
2023/10/11 13:24:20 alice_johnson requested connected users list
2023/10/11 13:24:20 bob_greenwood requested connected users list
2023/10/11 13:24:21 alice_johnson requested connected users list
2023/10/11 13:24:22 bob_greenwood requested connected users list
2023/10/11 13:24:22 User bob_greenwood already liked message of alice_johnson and cannot like again
2023/10/11 13:24:23 alice_johnson requested connected users list
2023/10/11 13:24:23 bob_greenwood requested connected users list
2023/10/11 13:24:24 alice_johnson requested connected users list
2023/10/11 13:24:25 bob_greenwood requested connected users list
2023/10/11 13:24:26 alice_johnson requested connected users list
2023/10/11 13:24:26 bob_greenwood requested connected users list
2023/10/11 13:24:27 alice_johnson requested connected users list
2023/10/11 13:24:28 bob_greenwood requested connected users list
2023/10/11 13:24:29 alice_johnson requested connected users list
2023/10/11 13:24:29 bob_greenwood requested connected users list
2023/10/11 13:24:30 alice_johnson requested connected users list
2023/10/11 13:24:31 bob_greenwood requested connected users list
2023/10/11 13:24:32 alice_johnson requested connected users list
2023/10/11 13:24:32 bob_greenwood requested connected users list
2023/10/11 13:24:33 alice_johnson requested connected users list
2023/10/11 13:24:34 bob_greenwood requested connected users list
2023/10/11 13:24:35 alice_johnson requested connected users list
2023/10/11 13:24:35 bob_greenwood requested connected users list
2023/10/11 13:24:36 alice_johnson requested connected users list
2023/10/11 13:24:37 bob_greenwood requested connected users list
2023/10/11 13:24:38 alice_johnson requested connected users list
2023/10/11 13:24:38 bob_greenwood requested connected users list
2023/10/11 13:24:39 alice_johnson requested connected users list
2023/10/11 13:24:40 bob_greenwood requested connected users list
2023/10/11 13:24:41 alice_johnson requested connected users list
2023/10/11 13:24:41 bob_greenwood requested connected users list
2023/10/11 13:24:42 alice_johnson requested connected users list
2023/10/11 13:24:43 bob_greenwood requested connected users list
2023/10/11 13:24:44 alice_johnson requested connected users list
2023/10/11 13:24:44 bob_greenwood requested connected users list
2023/10/11 13:24:45 alice_johnson requested connected users list
2023/10/11 13:24:46 bob_greenwood requested connected users list
2023/10/11 13:24:47 alice_johnson requested connected users list
2023/10/11 13:24:47 bob_greenwood requested connected users list
2023/10/11 13:24:48 alice_johnson requested connected users list
2023/10/11 13:24:49 bob_greenwood requested connected users list
2023/10/11 13:24:50 alice_johnson requested connected users list
2023/10/11 13:24:50 bob_greenwood requested connected users list
2023/10/11 13:24:51 alice_johnson requested connected users list
2023/10/11 13:24:52 bob_greenwood requested connected users list
2023/10/11 13:24:53 alice_johnson requested connected users list
2023/10/11 13:24:53 bob_greenwood requested connected users list
2023/10/11 13:24:53 Client disconnected: alice_johnson!
2023/10/11 13:24:54 Client disconnected: bob_greenwood!
