2023/10/11 12:20:53 Starting gRPC server on localhost:55555...
2023/10/11 12:21:17 Login request from alice_johnson: 44rSFJQ9qtHWTBAvrsKd5K/p2j0=
2023/10/11 12:21:17 alice_johnson was just logged in
2023/10/11 12:21:17 User alice_johnson request to join the chat room!
2023/10/11 12:21:17 User alice_johnson is allowed to join the chat room!
2023/10/11 12:21:19 alice_johnson requested connected users list
2023/10/11 12:21:20 alice_johnson requested connected users list
2023/10/11 12:21:22 alice_johnson requested connected users list
2023/10/11 12:21:23 alice_johnson requested connected users list
2023/10/11 12:21:25 alice_johnson requested connected users list
2023/10/11 12:21:26 alice_johnson requested connected users list
2023/10/11 12:21:28 alice_johnson requested connected users list
2023/10/11 12:21:29 alice_johnson requested connected users list
2023/10/11 12:21:31 alice_johnson requested connected users list
2023/10/11 12:21:32 Login request from bob_greenwood: /VMVjx9V2g2tzyDvc0KEb7WwK+Y=
2023/10/11 12:21:32 bob_greenwood was just logged in
2023/10/11 12:21:32 User bob_greenwood request to join the chat room!
2023/10/11 12:21:32 User bob_greenwood is allowed to join the chat room!
2023/10/11 12:21:32 alice_johnson requested connected users list
2023/10/11 12:21:33 bob_greenwood requested connected users list
2023/10/11 12:21:34 alice_johnson requested connected users list
2023/10/11 12:21:35 bob_greenwood requested connected users list
2023/10/11 12:21:35 alice_johnson requested connected users list
2023/10/11 12:21:36 bob_greenwood requested connected users list
2023/10/11 12:21:37 alice_johnson requested connected users list
2023/10/11 12:21:38 bob_greenwood requested connected users list
2023/10/11 12:21:38 alice_johnson requested connected users list
2023/10/11 12:21:39 bob_greenwood requested connected users list
2023/10/11 12:21:40 alice_johnson requested connected users list
2023/10/11 12:21:41 bob_greenwood requested connected users list
2023/10/11 12:21:41 alice_johnson requested connected users list
2023/10/11 12:21:42 bob_greenwood requested connected users list
2023/10/11 12:21:43 alice_johnson requested connected users list
2023/10/11 12:21:44 bob_greenwood requested connected users list
2023/10/11 12:21:44 alice_johnson requested connected users list
2023/10/11 12:21:45 bob_greenwood requested connected users list
2023/10/11 12:21:46 alice_johnson requested connected users list
2023/10/11 12:21:47 Room chat request from alice_johnson: hi bob
2023/10/11 12:21:47 bob_greenwood requested connected users list
2023/10/11 12:21:47 alice_johnson requested connected users list
2023/10/11 12:21:48 bob_greenwood requested connected users list
2023/10/11 12:21:49 alice_johnson requested connected users list
2023/10/11 12:21:50 bob_greenwood requested connected users list
2023/10/11 12:21:50 alice_johnson requested connected users list
2023/10/11 12:21:51 Room chat request from bob_greenwood: hi alice
2023/10/11 12:21:51 bob_greenwood requested connected users list
2023/10/11 12:21:52 alice_johnson requested connected users list
2023/10/11 12:21:53 bob_greenwood requested connected users list
2023/10/11 12:21:53 alice_johnson requested connected users list
2023/10/11 12:21:54 bob_greenwood requested connected users list
2023/10/11 12:21:55 alice_johnson requested connected users list
2023/10/11 12:21:56 bob_greenwood requested connected users list
2023/10/11 12:21:56 alice_johnson requested connected users list
2023/10/11 12:21:57 bob_greenwood requested connected users list
2023/10/11 12:21:58 alice_johnson requested connected users list
2023/10/11 12:21:59 bob_greenwood requested connected users list
2023/10/11 12:21:59 alice_johnson requested connected users list
2023/10/11 12:22:00 bob_greenwood requested connected users list
2023/10/11 12:22:01 alice_johnson requested connected users list
2023/10/11 12:22:02 bob_greenwood requested connected users list
2023/10/11 12:22:02 alice_johnson requested connected users list
2023/10/11 12:22:03 bob_greenwood requested connected users list
2023/10/11 12:22:04 alice_johnson requested connected users list
2023/10/11 12:22:05 bob_greenwood requested connected users list
2023/10/11 12:22:05 alice_johnson requested connected users list
2023/10/11 12:22:06 bob_greenwood requested connected users list
2023/10/11 12:22:07 alice_johnson requested connected users list
2023/10/11 12:22:08 bob_greenwood requested connected users list
2023/10/11 12:22:08 alice_johnson requested connected users list
2023/10/11 12:22:09 bob_greenwood requested connected users list
2023/10/11 12:22:10 alice_johnson requested connected users list
2023/10/11 12:22:11 bob_greenwood requested connected users list
2023/10/11 12:22:11 alice_johnson requested connected users list
2023/10/11 12:22:12 bob_greenwood requested connected users list
2023/10/11 12:22:13 alice_johnson requested connected users list
2023/10/11 12:22:14 bob_greenwood requested connected users list
2023/10/11 12:22:14 alice_johnson requested connected users list
2023/10/11 12:22:15 bob_greenwood requested connected users list
2023/10/11 12:22:16 alice_johnson requested connected users list
2023/10/11 12:22:17 bob_greenwood requested connected users list
2023/10/11 12:22:17 alice_johnson requested connected users list
2023/10/11 12:22:18 bob_greenwood requested connected users list
2023/10/11 12:22:19 alice_johnson requested connected users list
2023/10/11 12:22:20 bob_greenwood requested connected users list
2023/10/11 12:22:20 alice_johnson requested connected users list
2023/10/11 12:22:21 User bob_greenwood just liked Message of alice_johnson
2023/10/11 12:22:21 bob_greenwood requested connected users list
2023/10/11 12:22:22 alice_johnson requested connected users list
2023/10/11 12:22:23 bob_greenwood requested connected users list
2023/10/11 12:22:23 alice_johnson requested connected users list
2023/10/11 12:22:24 bob_greenwood requested connected users list
2023/10/11 12:22:25 User bob_greenwood already liked message of alice_johnson and cannot like again
2023/10/11 12:22:25 alice_johnson requested connected users list
2023/10/11 12:22:26 bob_greenwood requested connected users list
2023/10/11 12:22:26 alice_johnson requested connected users list
2023/10/11 12:22:27 bob_greenwood requested connected users list
2023/10/11 12:22:28 alice_johnson requested connected users list
2023/10/11 12:22:29 bob_greenwood requested connected users list
2023/10/11 12:22:29 alice_johnson requested connected users list
2023/10/11 12:22:30 bob_greenwood requested connected users list
2023/10/11 12:22:31 alice_johnson requested connected users list
2023/10/11 12:22:32 bob_greenwood requested connected users list
2023/10/11 12:22:32 alice_johnson requested connected users list
2023/10/11 12:22:33 User bob_greenwood already liked message of alice_johnson and cannot like again
2023/10/11 12:22:33 bob_greenwood requested connected users list
2023/10/11 12:22:34 alice_johnson requested connected users list
2023/10/11 12:22:35 bob_greenwood requested connected users list
2023/10/11 12:22:35 alice_johnson requested connected users list
